<?xml version="1.0" encoding="UTF-8"?>
<testng-results skipped="0" failed="0" total="1" passed="1">
  <reporter-output>
  </reporter-output>
  <suite name="Default suite" duration-ms="40805" started-at="2019-06-24T13:37:34Z" finished-at="2019-06-24T13:38:15Z">
    <groups>
    </groups>
    <test name="Default test" duration-ms="40805" started-at="2019-06-24T13:37:34Z" finished-at="2019-06-24T13:38:15Z">
      <class name="com.training.sanity.tests.Medium4Tests">
        <test-method status="PASS" signature="logreports()[pri:0, instance:com.training.sanity.tests.Medium4Tests@6debcae2]" name="logreports" is-config="true" duration-ms="343" started-at="2019-06-24T19:07:34Z" finished-at="2019-06-24T19:07:35Z">
          <reporter-output>
          </reporter-output>
        </test-method> <!-- logreports -->
        <test-method status="PASS" signature="setUpBeforeClass()[pri:0, instance:com.training.sanity.tests.Medium4Tests@6debcae2]" name="setUpBeforeClass" is-config="true" duration-ms="0" started-at="2019-06-24T19:07:35Z" finished-at="2019-06-24T19:07:35Z">
          <reporter-output>
          </reporter-output>
        </test-method> <!-- setUpBeforeClass -->
        <test-method status="PASS" signature="setUp()[pri:0, instance:com.training.sanity.tests.Medium4Tests@6debcae2]" name="setUp" is-config="true" duration-ms="10294" started-at="2019-06-24T19:07:35Z" finished-at="2019-06-24T19:07:45Z">
          <reporter-output>
          </reporter-output>
        </test-method> <!-- setUp -->
        <test-method status="PASS" signature="validLoginTest()[pri:0, instance:com.training.sanity.tests.Medium4Tests@6debcae2]" name="validLoginTest" duration-ms="29138" started-at="2019-06-24T19:07:45Z" finished-at="2019-06-24T19:08:14Z">
          <reporter-output>
          </reporter-output>
        </test-method> <!-- validLoginTest -->
        <test-method status="PASS" signature="tearDown()[pri:0, instance:com.training.sanity.tests.Medium4Tests@6debcae2]" name="tearDown" is-config="true" duration-ms="1001" started-at="2019-06-24T19:08:14Z" finished-at="2019-06-24T19:08:15Z">
          <reporter-output>
          </reporter-output>
        </test-method> <!-- tearDown -->
      </class> <!-- com.training.sanity.tests.Medium4Tests -->
    </test> <!-- Default test -->
  </suite> <!-- Default suite -->
</testng-results>
